<?xml version="1.0" encoding="UTF-8"?>
<testsuite name="com.angular.controller.SampleControllerTest" tests="1" skipped="0" failures="0" errors="0" timestamp="2017-08-09T19:50:44" hostname="c02sx3khg8wl.local" time="0.062">
  <properties/>
  <testcase name="shouldGoHome" classname="com.angular.controller.SampleControllerTest" time="0.062"/>
  <system-out><![CDATA[14:50:42.876 [Test worker] DEBUG org.springframework.test.context.junit4.SpringJUnit4ClassRunner - SpringJUnit4ClassRunner constructor called with [class com.angular.controller.SampleControllerTest]
14:50:42.879 [Test worker] DEBUG org.springframework.test.context.BootstrapUtils - Instantiating CacheAwareContextLoaderDelegate from class [org.springframework.test.context.cache.DefaultCacheAwareContextLoaderDelegate]
14:50:42.884 [Test worker] DEBUG org.springframework.test.context.BootstrapUtils - Instantiating BootstrapContext using constructor [public org.springframework.test.context.support.DefaultBootstrapContext(java.lang.Class,org.springframework.test.context.CacheAwareContextLoaderDelegate)]
14:50:42.900 [Test worker] DEBUG org.springframework.test.context.BootstrapUtils - Instantiating TestContextBootstrapper for test class [com.angular.controller.SampleControllerTest] from class [org.springframework.boot.test.context.SpringBootTestContextBootstrapper]
14:50:42.909 [Test worker] INFO org.springframework.boot.test.context.SpringBootTestContextBootstrapper - Neither @ContextConfiguration nor @ContextHierarchy found for test class [com.angular.controller.SampleControllerTest], using SpringBootContextLoader
14:50:42.911 [Test worker] DEBUG org.springframework.test.context.support.AbstractContextLoader - Did not detect default resource location for test class [com.angular.controller.SampleControllerTest]: class path resource [com/angular/controller/SampleControllerTest-context.xml] does not exist
14:50:42.912 [Test worker] DEBUG org.springframework.test.context.support.AbstractContextLoader - Did not detect default resource location for test class [com.angular.controller.SampleControllerTest]: class path resource [com/angular/controller/SampleControllerTestContext.groovy] does not exist
14:50:42.912 [Test worker] INFO org.springframework.test.context.support.AbstractContextLoader - Could not detect default resource locations for test class [com.angular.controller.SampleControllerTest]: no resource found for suffixes {-context.xml, Context.groovy}.
14:50:42.913 [Test worker] INFO org.springframework.test.context.support.AnnotationConfigContextLoaderUtils - Could not detect default configuration classes for test class [com.angular.controller.SampleControllerTest]: SampleControllerTest does not declare any static, non-private, non-final, nested classes annotated with @Configuration.
14:50:42.951 [Test worker] DEBUG org.springframework.test.context.support.ActiveProfilesUtils - Could not find an 'annotation declaring class' for annotation type [org.springframework.test.context.ActiveProfiles] and class [com.angular.controller.SampleControllerTest]
14:50:42.957 [Test worker] DEBUG org.springframework.core.env.StandardEnvironment - Adding [systemProperties] PropertySource with lowest search precedence
14:50:42.957 [Test worker] DEBUG org.springframework.core.env.StandardEnvironment - Adding [systemEnvironment] PropertySource with lowest search precedence
14:50:42.957 [Test worker] DEBUG org.springframework.core.env.StandardEnvironment - Initialized StandardEnvironment with PropertySources [systemProperties,systemEnvironment]
14:50:42.963 [Test worker] DEBUG org.springframework.core.io.support.PathMatchingResourcePatternResolver - Resolved classpath location [com/angular/controller/] to resources [URL [file:/Users/sakintim/IdeaProjects/AngularRev/build/classes/test/com/angular/controller/], URL [file:/Users/sakintim/IdeaProjects/AngularRev/build/classes/main/com/angular/controller/]]
14:50:42.964 [Test worker] DEBUG org.springframework.core.io.support.PathMatchingResourcePatternResolver - Looking for matching resources in directory tree [/Users/sakintim/IdeaProjects/AngularRev/build/classes/test/com/angular/controller]
14:50:42.964 [Test worker] DEBUG org.springframework.core.io.support.PathMatchingResourcePatternResolver - Searching directory [/Users/sakintim/IdeaProjects/AngularRev/build/classes/test/com/angular/controller] for files matching pattern [/Users/sakintim/IdeaProjects/AngularRev/build/classes/test/com/angular/controller/*.class]
14:50:42.966 [Test worker] DEBUG org.springframework.core.io.support.PathMatchingResourcePatternResolver - Looking for matching resources in directory tree [/Users/sakintim/IdeaProjects/AngularRev/build/classes/main/com/angular/controller]
14:50:42.967 [Test worker] DEBUG org.springframework.core.io.support.PathMatchingResourcePatternResolver - Searching directory [/Users/sakintim/IdeaProjects/AngularRev/build/classes/main/com/angular/controller] for files matching pattern [/Users/sakintim/IdeaProjects/AngularRev/build/classes/main/com/angular/controller/*.class]
14:50:42.967 [Test worker] DEBUG org.springframework.core.io.support.PathMatchingResourcePatternResolver - Resolved location pattern [classpath*:com/angular/controller/*.class] to resources [file [/Users/sakintim/IdeaProjects/AngularRev/build/classes/test/com/angular/controller/SampleControllerTest.class], file [/Users/sakintim/IdeaProjects/AngularRev/build/classes/main/com/angular/controller/Application.class], file [/Users/sakintim/IdeaProjects/AngularRev/build/classes/main/com/angular/controller/SampleController.class], file [/Users/sakintim/IdeaProjects/AngularRev/build/classes/main/com/angular/controller/WebMvcConfig.class], file [/Users/sakintim/IdeaProjects/AngularRev/build/classes/main/com/angular/controller/WelcomeController.class], file [/Users/sakintim/IdeaProjects/AngularRev/build/classes/main/com/angular/controller/WhatsNew.class]]
14:50:42.995 [Test worker] DEBUG org.springframework.context.annotation.ClassPathScanningCandidateComponentProvider - Identified candidate component class: file [/Users/sakintim/IdeaProjects/AngularRev/build/classes/main/com/angular/controller/Application.class]
14:50:43.004 [Test worker] INFO org.springframework.boot.test.context.SpringBootTestContextBootstrapper - Found @SpringBootConfiguration com.angular.controller.Application for test class com.angular.controller.SampleControllerTest
14:50:43.006 [Test worker] DEBUG org.springframework.boot.test.context.SpringBootTestContextBootstrapper - @TestExecutionListeners is not present for class [com.angular.controller.SampleControllerTest]: using defaults.
14:50:43.009 [Test worker] INFO org.springframework.boot.test.context.SpringBootTestContextBootstrapper - Loaded default TestExecutionListener class names from location [META-INF/spring.factories]: [org.springframework.boot.test.mock.mockito.MockitoTestExecutionListener, org.springframework.boot.test.mock.mockito.ResetMocksTestExecutionListener, org.springframework.boot.test.autoconfigure.restdocs.RestDocsTestExecutionListener, org.springframework.boot.test.autoconfigure.web.client.MockRestServiceServerResetTestExecutionListener, org.springframework.boot.test.autoconfigure.web.servlet.MockMvcPrintOnlyOnFailureTestExecutionListener, org.springframework.boot.test.autoconfigure.web.servlet.WebDriverTestExecutionListener, org.springframework.test.context.web.ServletTestExecutionListener, org.springframework.test.context.support.DirtiesContextBeforeModesTestExecutionListener, org.springframework.test.context.support.DependencyInjectionTestExecutionListener, org.springframework.test.context.support.DirtiesContextTestExecutionListener, org.springframework.test.context.transaction.TransactionalTestExecutionListener, org.springframework.test.context.jdbc.SqlScriptsTestExecutionListener]
14:50:43.019 [Test worker] INFO org.springframework.boot.test.context.SpringBootTestContextBootstrapper - Could not instantiate TestExecutionListener [org.springframework.test.context.transaction.TransactionalTestExecutionListener]. Specify custom listener classes or make the default listener classes (and their required dependencies) available. Offending class: [org/springframework/transaction/interceptor/TransactionAttributeSource]
14:50:43.020 [Test worker] INFO org.springframework.boot.test.context.SpringBootTestContextBootstrapper - Could not instantiate TestExecutionListener [org.springframework.test.context.jdbc.SqlScriptsTestExecutionListener]. Specify custom listener classes or make the default listener classes (and their required dependencies) available. Offending class: [org/springframework/transaction/interceptor/TransactionAttribute]
14:50:43.020 [Test worker] INFO org.springframework.boot.test.context.SpringBootTestContextBootstrapper - Using TestExecutionListeners: [org.springframework.test.context.web.ServletTestExecutionListener@6c552f1f, org.springframework.test.context.support.DirtiesContextBeforeModesTestExecutionListener@10e339ab, org.springframework.boot.test.autoconfigure.SpringBootDependencyInjectionTestExecutionListener@72c38bf4, org.springframework.test.context.support.DirtiesContextTestExecutionListener@7b13def2, org.springframework.boot.test.autoconfigure.restdocs.RestDocsTestExecutionListener@3e7b2b58, org.springframework.boot.test.autoconfigure.web.servlet.MockMvcPrintOnlyOnFailureTestExecutionListener@375c635d, org.springframework.boot.test.mock.mockito.ResetMocksTestExecutionListener@59aed269, org.springframework.boot.test.autoconfigure.web.servlet.WebDriverTestExecutionListener@3caf73e0, org.springframework.boot.test.mock.mockito.MockitoTestExecutionListener@5b69aec6, org.springframework.boot.test.autoconfigure.web.client.MockRestServiceServerResetTestExecutionListener@ffb687d]
14:50:43.022 [Test worker] DEBUG org.springframework.test.annotation.ProfileValueUtils - Retrieved @ProfileValueSourceConfiguration [null] for test class [com.angular.controller.SampleControllerTest]
14:50:43.022 [Test worker] DEBUG org.springframework.test.annotation.ProfileValueUtils - Retrieved ProfileValueSource type [class org.springframework.test.annotation.SystemProfileValueSource] for class [com.angular.controller.SampleControllerTest]
14:50:43.023 [Test worker] DEBUG org.springframework.test.annotation.ProfileValueUtils - Retrieved @ProfileValueSourceConfiguration [null] for test class [com.angular.controller.SampleControllerTest]
14:50:43.023 [Test worker] DEBUG org.springframework.test.annotation.ProfileValueUtils - Retrieved ProfileValueSource type [class org.springframework.test.annotation.SystemProfileValueSource] for class [com.angular.controller.SampleControllerTest]
14:50:43.027 [Test worker] DEBUG org.springframework.test.context.support.AbstractDirtiesContextTestExecutionListener - Before test class: context [DefaultTestContext@4367d59f testClass = SampleControllerTest, testInstance = [null], testMethod = [null], testException = [null], mergedContextConfiguration = [WebMergedContextConfiguration@680baa5e testClass = SampleControllerTest, locations = '{}', classes = '{class com.angular.controller.Application}', contextInitializerClasses = '[]', activeProfiles = '{}', propertySourceLocations = '{}', propertySourceProperties = '{org.springframework.boot.test.context.SpringBootTestContextBootstrapper=true}', contextCustomizers = set[[ImportsContextCustomizer@71008073 key = [org.springframework.boot.test.autoconfigure.web.servlet.MockMvcAutoConfiguration, org.springframework.boot.test.autoconfigure.web.servlet.MockMvcSecurityAutoConfiguration, org.springframework.boot.test.autoconfigure.web.servlet.MockMvcWebClientAutoConfiguration, org.springframework.boot.test.autoconfigure.web.servlet.MockMvcWebDriverAutoConfiguration]], org.springframework.boot.test.context.SpringBootTestContextCustomizer@6edb8ff8, org.springframework.boot.test.context.filter.ExcludeFilterContextCustomizer@691059a8, org.springframework.boot.test.json.DuplicateJsonObjectContextCustomizerFactory$DuplicateJsonObjectContextCustomizer@ea8848f, org.springframework.boot.test.mock.mockito.MockitoContextCustomizer@0, org.springframework.boot.test.autoconfigure.properties.PropertyMappingContextCustomizer@e7e8512, org.springframework.boot.test.autoconfigure.web.servlet.WebDriverContextCustomizerFactory$Customizer@57f139a3], resourceBasePath = 'src/main/webapp', contextLoader = 'org.springframework.boot.test.context.SpringBootContextLoader', parent = [null]]], class annotated with @DirtiesContext [false] with mode [null].
14:50:43.027 [Test worker] DEBUG org.springframework.test.annotation.ProfileValueUtils - Retrieved @ProfileValueSourceConfiguration [null] for test class [com.angular.controller.SampleControllerTest]
14:50:43.027 [Test worker] DEBUG org.springframework.test.annotation.ProfileValueUtils - Retrieved ProfileValueSource type [class org.springframework.test.annotation.SystemProfileValueSource] for class [com.angular.controller.SampleControllerTest]
14:50:43.066 [Test worker] DEBUG org.springframework.core.env.StandardEnvironment - Adding [systemProperties] PropertySource with lowest search precedence
14:50:43.066 [Test worker] DEBUG org.springframework.core.env.StandardEnvironment - Adding [systemEnvironment] PropertySource with lowest search precedence
14:50:43.066 [Test worker] DEBUG org.springframework.core.env.StandardEnvironment - Initialized StandardEnvironment with PropertySources [systemProperties,systemEnvironment]
14:50:43.067 [Test worker] DEBUG org.springframework.core.env.MutablePropertySources - Adding [inline] PropertySource with highest search precedence
14:50:43.071 [Test worker] DEBUG org.springframework.test.context.support.TestPropertySourceUtils - Adding inlined properties to environment: {spring.jmx.enabled=false, org.springframework.boot.test.context.SpringBootTestContextBootstrapper=true, server.port=-1}
14:50:43.071 [Test worker] DEBUG org.springframework.core.env.StandardEnvironment - Adding [Inlined Test Properties] PropertySource with highest search precedence

  .   ____          _            __ _ _
 /\\ / ___'_ __ _ _(_)_ __  __ _ \ \ \ \
( ( )\___ | '_ | '_| | '_ \/ _` | \ \ \ \
 \\/  ___)| |_)| | | | | || (_| |  ) ) ) )
  '  |____| .__|_| |_|_| |_\__, | / / / /
 =========|_|==============|___/=/_/_/_/
 :: Spring Boot ::        (v1.5.6.RELEASE)

2017-08-09 14:50:43.424  INFO 3303 --- [    Test worker] c.a.controller.SampleControllerTest      : Starting SampleControllerTest on c02sx3khg8wl.local with PID 3303 (started by sakintim in /Users/sakintim/IdeaProjects/AngularRev)
2017-08-09 14:50:43.425  INFO 3303 --- [    Test worker] c.a.controller.SampleControllerTest      : No active profile set, falling back to default profiles: default
2017-08-09 14:50:43.441  INFO 3303 --- [    Test worker] o.s.w.c.s.GenericWebApplicationContext   : Refreshing org.springframework.web.context.support.GenericWebApplicationContext@3eca46ef: startup date [Wed Aug 09 14:50:43 CDT 2017]; root of context hierarchy
2017-08-09 14:50:44.110  INFO 3303 --- [    Test worker] s.w.s.m.m.a.RequestMappingHandlerMapping : Mapped "{[/]}" onto java.lang.String com.angular.controller.SampleController.home()
2017-08-09 14:50:44.111  INFO 3303 --- [    Test worker] s.w.s.m.m.a.RequestMappingHandlerMapping : Mapped "{[/start]}" onto public org.springframework.web.servlet.ModelAndView com.angular.controller.WelcomeController.welcome()
2017-08-09 14:50:44.115  INFO 3303 --- [    Test worker] s.w.s.m.m.a.RequestMappingHandlerMapping : Mapped "{[/error]}" onto public org.springframework.http.ResponseEntity<java.util.Map<java.lang.String, java.lang.Object>> org.springframework.boot.autoconfigure.web.BasicErrorController.error(javax.servlet.http.HttpServletRequest)
2017-08-09 14:50:44.116  INFO 3303 --- [    Test worker] s.w.s.m.m.a.RequestMappingHandlerMapping : Mapped "{[/error],produces=[text/html]}" onto public org.springframework.web.servlet.ModelAndView org.springframework.boot.autoconfigure.web.BasicErrorController.errorHtml(javax.servlet.http.HttpServletRequest,javax.servlet.http.HttpServletResponse)
2017-08-09 14:50:44.146  INFO 3303 --- [    Test worker] o.s.w.s.handler.SimpleUrlHandlerMapping  : Mapped URL path [/**] onto handler of type [class org.springframework.web.servlet.resource.DefaultServletHttpRequestHandler]
2017-08-09 14:50:44.172  INFO 3303 --- [    Test worker] s.w.s.m.m.a.RequestMappingHandlerAdapter : Looking for @ControllerAdvice: org.springframework.web.context.support.GenericWebApplicationContext@3eca46ef: startup date [Wed Aug 09 14:50:43 CDT 2017]; root of context hierarchy
2017-08-09 14:50:44.330  INFO 3303 --- [    Test worker] o.s.b.t.m.w.SpringBootMockServletContext : Initializing Spring FrameworkServlet ''
2017-08-09 14:50:44.330  INFO 3303 --- [    Test worker] o.s.t.web.servlet.TestDispatcherServlet  : FrameworkServlet '': initialization started
2017-08-09 14:50:44.365  INFO 3303 --- [    Test worker] o.s.t.web.servlet.TestDispatcherServlet  : FrameworkServlet '': initialization completed in 34 ms
2017-08-09 14:50:44.531  INFO 3303 --- [    Test worker] c.a.controller.SampleControllerTest      : Started SampleControllerTest in 1.453 seconds (JVM running for 2.119)
]]></system-out>
  <system-err><![CDATA[]]></system-err>
</testsuite>
